* Starting client
* Connecting to master process on port 11677
* Analyzing classpath: 
  - /home/rewt/Documents/CS362-001-SP17/projects/jensejac/assignment-1/target/test-classes
  - /home/rewt/Documents/CS362-001-SP17/projects/jensejac/assignment-1/target/classes
  - /home/rewt/.m2/repository/junit/junit/4.12/junit-4.12.jar
  - /home/rewt/.m2/repository/org/hamcrest/hamcrest-core/1.3/hamcrest-core-1.3.jar
  - /home/rewt/.m2/repository/com/google/guava/guava/12.0.1/guava-12.0.1.jar
  - /home/rewt/.m2/repository/com/google/code/findbugs/jsr305/1.3.9/jsr305-1.3.9.jar
* Finished analyzing classpath
* Generating tests for class simhash.BinaryWordSeg
* Test criteria:
  - Line Coverage
  - Branch Coverage
  - Exception
  - Mutation testing (weak)
  - Method-Output Coverage
  - Top-Level Method Coverage
  - No-Exception Top-Level Method Coverage
  - Context Branch Coverage
* Setting up search algorithm for whole suite generation
[MASTER] 21:33:30.662 [pool-2-thread-1] WARN  TestSuiteSerialization - Cannot load tests because file does not exist: /home/rewt/Documents/CS362-001-SP17/projects/jensejac/assignment-1/.evosuite/evosuite-seeds/simhash.BinaryWordSeg.seed
* Total number of test goals: 
  - Line 7
  - Branch 4
  - Exception 0
  - MutationFactory 23
  - Output 12
  - Method 3
  - MethodNoException 3
  - CBranchFitnessFactory 4
* Using seed 1492490008771
* Starting evolution
* Search finished after 36s and 756 generations, 175073 statements, best individual has fitness: 9.5
* Writing sequences to pool
* Minimizing test suite
* Going to analyze the coverage criteria
* Coverage analysis for criterion LINE
* Coverage of criterion LINE: 100%
* Total number of goals: 7
* Number of covered goals: 7
* Coverage analysis for criterion BRANCH
* Coverage of criterion BRANCH: 100%
* Total number of goals: 4
* Number of covered goals: 4
* Coverage analysis for criterion EXCEPTION
* Coverage of criterion EXCEPTION: 100%
* Total number of goals: 1
* Number of covered goals: 1
* Coverage analysis for criterion WEAKMUTATION
* Coverage of criterion WEAKMUTATION: 100%
* Total number of goals: 23
* Number of covered goals: 23
* Coverage analysis for criterion OUTPUT
* Coverage of criterion OUTPUT: 25%
* Total number of goals: 12
* Number of covered goals: 3
* Coverage analysis for criterion METHOD
* Coverage of criterion METHOD: 100%
* Total number of goals: 3
* Number of covered goals: 3
* Coverage analysis for criterion METHODNOEXCEPTION
* Coverage of criterion METHODNOEXCEPTION: 100%
* Total number of goals: 3
* Number of covered goals: 3
* Coverage analysis for criterion CBRANCH
* Coverage of criterion CBRANCH: 100%
* Total number of goals: 4
* Number of covered goals: 4
* Generated 4 tests with total length 9
* Resulting test suite's coverage: 91% (average coverage for all fitness functions)
* Generating assertions
* Resulting test suite's mutation score: 83%
* Compiling and checking tests
* Writing JUnit test case 'BinaryWordSeg_ESTest' to /home/rewt/Documents/CS362-001-SP17/projects/jensejac/assignment-1/.evosuite/tmp_2017_04_17_21_28_55/tests
* Done!

